<?xml version="1.0"?>
<testResults>
  <FitNesseVersion>v20161106</FitNesseVersion>
  <rootPath>MyTopLevelApplicationPage.Test</rootPath>
    <result>
    <counts>
      <right>21</right>
      <wrong>3</wrong>
      <ignores>3</ignores>
      <exceptions>2</exceptions>
    </counts>
    <date>2017-03-29T21:42:08-05:00</date>
    <runTimeInMillis>2</runTimeInMillis>
    <content>&lt;br/&gt;&lt;table&gt;
	&lt;tr&gt;
		&lt;td colspan="3"&gt;SamplePackage.FirstClass&lt;/td&gt;
	&lt;/tr&gt;
	&lt;tr&gt;
		&lt;td class="ignore"&gt;comment&lt;/td&gt;
		&lt;td class="ignore"&gt;my first test&lt;/td&gt;
		&lt;td class="ignore"&gt;&lt;/td&gt;
	&lt;/tr&gt;
	&lt;tr&gt;
		&lt;td&gt;openChrome&lt;/td&gt;
		&lt;td colspan="2"&gt;http://www.google.com/&lt;/td&gt;
	&lt;/tr&gt;
	&lt;tr&gt;
		&lt;td class="pass"&gt;pause&lt;/td&gt;
		&lt;td class="pass"&gt;1&lt;/td&gt;
		&lt;td class="pass"&gt;&lt;/td&gt;
	&lt;/tr&gt;
	&lt;tr&gt;
		&lt;td class="pass"&gt;enterText&lt;/td&gt;
		&lt;td class="pass"&gt;googleSearchBox&lt;/td&gt;
		&lt;td class="pass"&gt;Dogs&lt;/td&gt;
	&lt;/tr&gt;
	&lt;tr&gt;
		&lt;td class="error"&gt;verifyElementPresent&lt;hr&gt;&lt;pre&gt;&lt;div class="fit_stacktrace"&gt;java.lang.IllegalArgumentException: Cannot find elements when the XPath expression is null.
	at org.openqa.selenium.By.xpath(By.java:113)
	at SamplePackage.FirstClass.verifyElementPresent(FirstClass.java:136)
	at sun.reflect.NativeMethodAccessorImpl.invoke0(Native Method)
	at sun.reflect.NativeMethodAccessorImpl.invoke(NativeMethodAccessorImpl.java:62)
	at sun.reflect.DelegatingMethodAccessorImpl.invoke(DelegatingMethodAccessorImpl.java:43)
	at java.lang.reflect.Method.invoke(Method.java:497)
	at fit.ActionFixture.doCells(ActionFixture.java:22)
	at fit.Fixture.doRow(Fixture.java:168)
	at fit.Fixture.doRows(Fixture.java:162)
	at fit.Fixture.doTable(Fixture.java:156)
	at fit.Fixture.interpretTables(Fixture.java:101)
	at fit.Fixture.doTables(Fixture.java:81)
	at fit.FitServer.process(FitServer.java:81)
	at fit.FitServer.run(FitServer.java:56)
	at fit.FitServer.main(FitServer.java:41)
&lt;/div&gt;&lt;/pre&gt;&lt;/td&gt;
		&lt;td&gt;googleSearchButton&lt;/td&gt;
		&lt;td&gt;&lt;/td&gt;
	&lt;/tr&gt;
	&lt;tr&gt;
		&lt;td class="error"&gt;click&lt;hr&gt;&lt;pre&gt;&lt;div class="fit_stacktrace"&gt;java.lang.IllegalArgumentException: Cannot find elements when the XPath expression is null.
	at org.openqa.selenium.By.xpath(By.java:113)
	at SamplePackage.FirstClass.click(FirstClass.java:88)
	at sun.reflect.NativeMethodAccessorImpl.invoke0(Native Method)
	at sun.reflect.NativeMethodAccessorImpl.invoke(NativeMethodAccessorImpl.java:62)
	at sun.reflect.DelegatingMethodAccessorImpl.invoke(DelegatingMethodAccessorImpl.java:43)
	at java.lang.reflect.Method.invoke(Method.java:497)
	at fit.ActionFixture.doCells(ActionFixture.java:22)
	at fit.Fixture.doRow(Fixture.java:168)
	at fit.Fixture.doRows(Fixture.java:162)
	at fit.Fixture.doTable(Fixture.java:156)
	at fit.Fixture.interpretTables(Fixture.java:101)
	at fit.Fixture.doTables(Fixture.java:81)
	at fit.FitServer.process(FitServer.java:81)
	at fit.FitServer.run(FitServer.java:56)
	at fit.FitServer.main(FitServer.java:41)
&lt;/div&gt;&lt;/pre&gt;&lt;/td&gt;
		&lt;td&gt;googleSearchButton&lt;/td&gt;
		&lt;td&gt;&lt;/td&gt;
	&lt;/tr&gt;
	&lt;tr&gt;
		&lt;td class="pass"&gt;clear&lt;/td&gt;
		&lt;td class="pass"&gt;googleSearchBox&lt;/td&gt;
		&lt;td class="pass"&gt;&lt;/td&gt;
	&lt;/tr&gt;
	&lt;tr&gt;
		&lt;td class="pass"&gt;pause&lt;/td&gt;
		&lt;td class="pass"&gt;1&lt;/td&gt;
		&lt;td class="pass"&gt;&lt;/td&gt;
	&lt;/tr&gt;
	&lt;tr&gt;
		&lt;td class="pass"&gt;navigateBack&lt;/td&gt;
		&lt;td class="pass"&gt;&lt;/td&gt;
		&lt;td class="pass"&gt;&lt;/td&gt;
	&lt;/tr&gt;
	&lt;tr&gt;
		&lt;td class="pass"&gt;navigateForward&lt;/td&gt;
		&lt;td class="pass"&gt;&lt;/td&gt;
		&lt;td class="pass"&gt;&lt;/td&gt;
	&lt;/tr&gt;
	&lt;tr&gt;
		&lt;td&gt;refresh&lt;/td&gt;
		&lt;td colspan="2"&gt;&lt;/td&gt;
	&lt;/tr&gt;
	&lt;tr&gt;
		&lt;td class="pass"&gt;pause&lt;/td&gt;
		&lt;td class="pass"&gt;1&lt;/td&gt;
		&lt;td class="pass"&gt;&lt;/td&gt;
	&lt;/tr&gt;
	&lt;tr&gt;
		&lt;td class="fail"&gt;verifyPageTitle&lt;/td&gt;
		&lt;td class="fail"&gt;google&lt;/td&gt;
		&lt;td class="fail"&gt;Google&lt;/td&gt;
	&lt;/tr&gt;
	&lt;tr&gt;
		&lt;td colspan="3"&gt;closeChrome&lt;/td&gt;
	&lt;/tr&gt;
&lt;/table&gt;
&lt;br/&gt;</content>
    <relativePageName>Test</relativePageName>
          </result>
  <executionLog>
    <testSystem>fit:fit.FitServer</testSystem>
    <command>java -cp /Users/NicholasMaher/Documents/FitNesseRoot/fitnesse-standalone.jar:/Users/NicholasMaher/Documents/FitNesseRoot/Libraries/SampleJarFile.jar:/Users/NicholasMaher/Documents/FitNesseRoot/Libraries/selenium-server-standalone-3.0.1.jar fit.FitServer Nicholass-MacBook-Pro.local 56941 3863</command>
    <exitCode>5</exitCode>
    <stdOut>googleSearchBox: //body/div[@id="viewport"]/div[@id="searchform"]/form/div[2]//input[@title="Search"]
</stdOut>
    <stdErr>Starting ChromeDriver 2.27.440174 (e97a722caafc2d3a8b807ee115bfb307f7d2cfd9) on port 19820
Only local connections are allowed.
Mar 29, 2017 9:41:58 PM org.openqa.selenium.remote.ProtocolHandshake createSession
INFO: Attempting bi-dialect session, assuming Postel's Law holds true on the remote end
Mar 29, 2017 9:41:59 PM org.openqa.selenium.remote.ProtocolHandshake createSession
INFO: Detected dialect: OSS
</stdErr>
  </executionLog>
  <finalCounts>
    <right>0</right>
    <wrong>1</wrong>
    <ignores>0</ignores>
    <exceptions>0</exceptions>
  </finalCounts>
  <totalRunTimeInMillis>10616</totalRunTimeInMillis>
</testResults>

