<?xml version="1.0"?>
<testResults>
  <FitNesseVersion>v20161106</FitNesseVersion>
  <rootPath>MyTopLevelApplicationPage.Test</rootPath>
    <result>
    <counts>
      <right>36</right>
      <wrong>6</wrong>
      <ignores>3</ignores>
      <exceptions>2</exceptions>
    </counts>
    <date>2017-04-12T12:27:54-05:00</date>
    <runTimeInMillis>1</runTimeInMillis>
    <content>&lt;br/&gt;&lt;table&gt;
	&lt;tr&gt;
		&lt;td&gt;SamplePackage.FirstClass&lt;/td&gt;
		&lt;td colspan="2"&gt;&lt;/td&gt;
	&lt;/tr&gt;
	&lt;tr&gt;
		&lt;td class="ignore"&gt;comment&lt;/td&gt;
		&lt;td class="ignore"&gt;my first test&lt;/td&gt;
		&lt;td class="ignore"&gt;&lt;/td&gt;
	&lt;/tr&gt;
	&lt;tr&gt;
		&lt;td class="pass"&gt;openChrome&lt;/td&gt;
		&lt;td class="pass"&gt;http://www.google.com/&lt;/td&gt;
		&lt;td class="pass"&gt;&lt;/td&gt;
	&lt;/tr&gt;
	&lt;tr&gt;
		&lt;td class="pass"&gt;pause&lt;/td&gt;
		&lt;td class="pass"&gt;1&lt;/td&gt;
		&lt;td class="pass"&gt;&lt;/td&gt;
	&lt;/tr&gt;
	&lt;tr&gt;
		&lt;td class="pass"&gt;enterText&lt;/td&gt;
		&lt;td class="pass"&gt;googleSearchBox&lt;/td&gt;
		&lt;td class="pass"&gt;Dogs&lt;/td&gt;
	&lt;/tr&gt;
	&lt;tr&gt;
		&lt;td class="pass"&gt;pause&lt;/td&gt;
		&lt;td class="pass"&gt;3&lt;/td&gt;
		&lt;td class="pass"&gt;&lt;/td&gt;
	&lt;/tr&gt;
	&lt;tr&gt;
		&lt;td class="fail"&gt;verifyElementPresent&lt;/td&gt;
		&lt;td class="fail"&gt;googleLogo&lt;/td&gt;
		&lt;td class="fail"&gt;&lt;/td&gt;
	&lt;/tr&gt;
	&lt;tr&gt;
		&lt;td class="fail"&gt;verifyElementPresent&lt;/td&gt;
		&lt;td class="fail"&gt;googleSearchButton&lt;/td&gt;
		&lt;td class="fail"&gt;&lt;/td&gt;
	&lt;/tr&gt;
	&lt;tr&gt;
		&lt;td class="error"&gt;click&lt;hr&gt;&lt;pre&gt;&lt;div class="fit_stacktrace"&gt;org.openqa.selenium.ElementNotVisibleException: element not visible
  (Session info: chrome=57.0.2987.133)
  (Driver info: chromedriver=2.29.461585 (0be2cd95f834e9ee7c46bcc7cf405b483f5ae83b),platform=Mac OS X 10.11.6 x86_64) (WARNING: The server did not provide any stacktrace information)
Command duration or timeout: 32 milliseconds
Build info: version: '3.0.1', revision: '1969d75', time: '2016-10-18 09:48:19 -0700'
System info: host: 'Nicholass-MacBook-Pro.local', ip: '192.168.89.16', os.name: 'Mac OS X', os.arch: 'x86_64', os.version: '10.11.6', java.version: '1.8.0_45'
Driver info: org.openqa.selenium.chrome.ChromeDriver
Capabilities [{applicationCacheEnabled=false, rotatable=false, mobileEmulationEnabled=false, networkConnectionEnabled=false, chrome={chromedriverVersion=2.29.461585 (0be2cd95f834e9ee7c46bcc7cf405b483f5ae83b), userDataDir=/var/folders/nk/nrh0dnp563n2m755b5rm74tc00007x/T/.org.chromium.Chromium.nr6nMs}, takesHeapSnapshot=true, pageLoadStrategy=normal, databaseEnabled=false, handlesAlerts=true, hasTouchScreen=false, version=57.0.2987.133, platform=MAC, browserConnectionEnabled=false, nativeEvents=true, acceptSslCerts=true, locationContextEnabled=true, webStorageEnabled=true, browserName=chrome, takesScreenshot=true, javascriptEnabled=true, cssSelectorsEnabled=true, unexpectedAlertBehaviour=}]
Session ID: b97bd1ac013735a85ee2c8c3cc3f6891
	at sun.reflect.NativeConstructorAccessorImpl.newInstance0(Native Method)
	at sun.reflect.NativeConstructorAccessorImpl.newInstance(NativeConstructorAccessorImpl.java:62)
	at sun.reflect.DelegatingConstructorAccessorImpl.newInstance(DelegatingConstructorAccessorImpl.java:45)
	at java.lang.reflect.Constructor.newInstance(Constructor.java:422)
	at org.openqa.selenium.remote.ErrorHandler.createThrowable(ErrorHandler.java:216)
	at org.openqa.selenium.remote.ErrorHandler.throwIfResponseFailed(ErrorHandler.java:168)
	at org.openqa.selenium.remote.RemoteWebDriver.execute(RemoteWebDriver.java:635)
	at org.openqa.selenium.remote.RemoteWebElement.execute(RemoteWebElement.java:274)
	at org.openqa.selenium.remote.RemoteWebElement.click(RemoteWebElement.java:84)
	at SamplePackage.FirstClass.click(FirstClass.java:96)
	at sun.reflect.NativeMethodAccessorImpl.invoke0(Native Method)
	at sun.reflect.NativeMethodAccessorImpl.invoke(NativeMethodAccessorImpl.java:62)
	at sun.reflect.DelegatingMethodAccessorImpl.invoke(DelegatingMethodAccessorImpl.java:43)
	at java.lang.reflect.Method.invoke(Method.java:497)
	at fit.ActionFixture.doCells(ActionFixture.java:22)
	at fit.Fixture.doRow(Fixture.java:168)
	at fit.Fixture.doRows(Fixture.java:162)
	at fit.Fixture.doTable(Fixture.java:156)
	at fit.Fixture.interpretTables(Fixture.java:101)
	at fit.Fixture.doTables(Fixture.java:81)
	at fit.FitServer.process(FitServer.java:81)
	at fit.FitServer.run(FitServer.java:56)
	at fit.FitServer.main(FitServer.java:41)
&lt;/div&gt;&lt;/pre&gt;&lt;/td&gt;
		&lt;td&gt;googleSearchButton&lt;/td&gt;
		&lt;td&gt;&lt;/td&gt;
	&lt;/tr&gt;
	&lt;tr&gt;
		&lt;td class="error"&gt;clear&lt;hr&gt;&lt;pre&gt;&lt;div class="fit_stacktrace"&gt;org.openqa.selenium.InvalidElementStateException: invalid element state: Element is not currently interactable and may not be manipulated
  (Session info: chrome=57.0.2987.133)
  (Driver info: chromedriver=2.29.461585 (0be2cd95f834e9ee7c46bcc7cf405b483f5ae83b),platform=Mac OS X 10.11.6 x86_64) (WARNING: The server did not provide any stacktrace information)
Command duration or timeout: 19 milliseconds
Build info: version: '3.0.1', revision: '1969d75', time: '2016-10-18 09:48:19 -0700'
System info: host: 'Nicholass-MacBook-Pro.local', ip: '192.168.89.16', os.name: 'Mac OS X', os.arch: 'x86_64', os.version: '10.11.6', java.version: '1.8.0_45'
Driver info: org.openqa.selenium.chrome.ChromeDriver
Capabilities [{applicationCacheEnabled=false, rotatable=false, mobileEmulationEnabled=false, networkConnectionEnabled=false, chrome={chromedriverVersion=2.29.461585 (0be2cd95f834e9ee7c46bcc7cf405b483f5ae83b), userDataDir=/var/folders/nk/nrh0dnp563n2m755b5rm74tc00007x/T/.org.chromium.Chromium.nr6nMs}, takesHeapSnapshot=true, pageLoadStrategy=normal, databaseEnabled=false, handlesAlerts=true, hasTouchScreen=false, version=57.0.2987.133, platform=MAC, browserConnectionEnabled=false, nativeEvents=true, acceptSslCerts=true, locationContextEnabled=true, webStorageEnabled=true, browserName=chrome, takesScreenshot=true, javascriptEnabled=true, cssSelectorsEnabled=true, unexpectedAlertBehaviour=}]
Session ID: b97bd1ac013735a85ee2c8c3cc3f6891
	at sun.reflect.NativeConstructorAccessorImpl.newInstance0(Native Method)
	at sun.reflect.NativeConstructorAccessorImpl.newInstance(NativeConstructorAccessorImpl.java:62)
	at sun.reflect.DelegatingConstructorAccessorImpl.newInstance(DelegatingConstructorAccessorImpl.java:45)
	at java.lang.reflect.Constructor.newInstance(Constructor.java:422)
	at org.openqa.selenium.remote.ErrorHandler.createThrowable(ErrorHandler.java:216)
	at org.openqa.selenium.remote.ErrorHandler.throwIfResponseFailed(ErrorHandler.java:168)
	at org.openqa.selenium.remote.RemoteWebDriver.execute(RemoteWebDriver.java:635)
	at org.openqa.selenium.remote.RemoteWebElement.execute(RemoteWebElement.java:274)
	at org.openqa.selenium.remote.RemoteWebElement.clear(RemoteWebElement.java:116)
	at SamplePackage.FirstClass.clear(FirstClass.java:134)
	at sun.reflect.NativeMethodAccessorImpl.invoke0(Native Method)
	at sun.reflect.NativeMethodAccessorImpl.invoke(NativeMethodAccessorImpl.java:62)
	at sun.reflect.DelegatingMethodAccessorImpl.invoke(DelegatingMethodAccessorImpl.java:43)
	at java.lang.reflect.Method.invoke(Method.java:497)
	at fit.ActionFixture.doCells(ActionFixture.java:22)
	at fit.Fixture.doRow(Fixture.java:168)
	at fit.Fixture.doRows(Fixture.java:162)
	at fit.Fixture.doTable(Fixture.java:156)
	at fit.Fixture.interpretTables(Fixture.java:101)
	at fit.Fixture.doTables(Fixture.java:81)
	at fit.FitServer.process(FitServer.java:81)
	at fit.FitServer.run(FitServer.java:56)
	at fit.FitServer.main(FitServer.java:41)
&lt;/div&gt;&lt;/pre&gt;&lt;/td&gt;
		&lt;td&gt;googleSearchBox&lt;/td&gt;
		&lt;td&gt;&lt;/td&gt;
	&lt;/tr&gt;
	&lt;tr&gt;
		&lt;td class="pass"&gt;pause&lt;/td&gt;
		&lt;td class="pass"&gt;1&lt;/td&gt;
		&lt;td class="pass"&gt;&lt;/td&gt;
	&lt;/tr&gt;
	&lt;tr&gt;
		&lt;td class="pass"&gt;navigateBack&lt;/td&gt;
		&lt;td class="pass"&gt;&lt;/td&gt;
		&lt;td class="pass"&gt;&lt;/td&gt;
	&lt;/tr&gt;
	&lt;tr&gt;
		&lt;td class="pass"&gt;pause&lt;/td&gt;
		&lt;td class="pass"&gt;3&lt;/td&gt;
		&lt;td class="pass"&gt;&lt;/td&gt;
	&lt;/tr&gt;
	&lt;tr&gt;
		&lt;td class="pass"&gt;navigateForward&lt;/td&gt;
		&lt;td class="pass"&gt;&lt;/td&gt;
		&lt;td class="pass"&gt;&lt;/td&gt;
	&lt;/tr&gt;
	&lt;tr&gt;
		&lt;td class="pass"&gt;refresh&lt;/td&gt;
		&lt;td class="pass"&gt;&lt;/td&gt;
		&lt;td class="pass"&gt;&lt;/td&gt;
	&lt;/tr&gt;
	&lt;tr&gt;
		&lt;td class="pass"&gt;pause&lt;/td&gt;
		&lt;td class="pass"&gt;1&lt;/td&gt;
		&lt;td class="pass"&gt;&lt;/td&gt;
	&lt;/tr&gt;
	&lt;tr&gt;
		&lt;td class="pass"&gt;verifyPageTitle&lt;/td&gt;
		&lt;td class="pass"&gt;Google&lt;/td&gt;
		&lt;td class="pass"&gt;Google&lt;/td&gt;
	&lt;/tr&gt;
	&lt;tr&gt;
		&lt;td class="pass"&gt;closeChrome&lt;/td&gt;
		&lt;td class="pass"&gt;&lt;/td&gt;
		&lt;td class="pass"&gt;&lt;/td&gt;
	&lt;/tr&gt;
&lt;/table&gt;
&lt;br/&gt;</content>
    <relativePageName>Test</relativePageName>
          </result>
  <finalCounts>
    <right>0</right>
    <wrong>1</wrong>
    <ignores>0</ignores>
    <exceptions>0</exceptions>
  </finalCounts>
  <totalRunTimeInMillis>1</totalRunTimeInMillis>
</testResults>

